[0.010s] Invoking command in '/home/blingxyanua/ros2_ws/build/go2_description': CMAKE_PREFIX_PATH=${CMAKE_PREFIX_PATH}:/opt/ros/humble /usr/bin/cmake /home/blingxyanua/ros2_ws/src/go2_description -DAMENT_CMAKE_SYMLINK_INSTALL=1 -DCMAKE_INSTALL_PREFIX=/home/blingxyanua/ros2_ws/install/go2_description
[0.019s] -- Found ament_cmake: 1.3.14 (/opt/ros/humble/share/ament_cmake/cmake)
[0.109s] -- Override CMake install command with custom implementation using symlinks instead of copying resources
[0.163s] -- Configuring done
[0.164s] -- Generating done
[0.166s] -- Build files have been written to: /home/blingxyanua/ros2_ws/build/go2_description
[0.168s] Invoked command in '/home/blingxyanua/ros2_ws/build/go2_description' returned '0': CMAKE_PREFIX_PATH=${CMAKE_PREFIX_PATH}:/opt/ros/humble /usr/bin/cmake /home/blingxyanua/ros2_ws/src/go2_description -DAMENT_CMAKE_SYMLINK_INSTALL=1 -DCMAKE_INSTALL_PREFIX=/home/blingxyanua/ros2_ws/install/go2_description
[0.170s] Invoking command in '/home/blingxyanua/ros2_ws/build/go2_description': CMAKE_PREFIX_PATH=${CMAKE_PREFIX_PATH}:/opt/ros/humble /usr/bin/cmake --build /home/blingxyanua/ros2_ws/build/go2_description -- -j8 -l8
[0.197s] Invoked command in '/home/blingxyanua/ros2_ws/build/go2_description' returned '0': CMAKE_PREFIX_PATH=${CMAKE_PREFIX_PATH}:/opt/ros/humble /usr/bin/cmake --build /home/blingxyanua/ros2_ws/build/go2_description -- -j8 -l8
[0.206s] Invoking command in '/home/blingxyanua/ros2_ws/build/go2_description': CMAKE_PREFIX_PATH=${CMAKE_PREFIX_PATH}:/opt/ros/humble /usr/bin/cmake --install /home/blingxyanua/ros2_ws/build/go2_description
[0.211s] -- Install configuration: ""
[0.211s] -- Execute custom install script
[0.211s] -- Symlinking: /home/blingxyanua/ros2_ws/install/go2_description/share/go2_description/config/joint_names_go2_description.yaml
[0.218s] -- Symlinking: /home/blingxyanua/ros2_ws/install/go2_description/share/go2_description/config/robot_control.yaml
[0.225s] -- Symlinking: /home/blingxyanua/ros2_ws/install/go2_description/share/go2_description/launch/check_joint.rviz
[0.232s] -- Symlinking: /home/blingxyanua/ros2_ws/install/go2_description/share/go2_description/launch/gazebo.launch
[0.238s] -- Symlinking: /home/blingxyanua/ros2_ws/install/go2_description/share/go2_description/launch/go2_rviz.launch
[0.245s] -- Symlinking: /home/blingxyanua/ros2_ws/install/go2_description/share/go2_description/launch/webots.launch.py
[0.251s] -- Symlinking: /home/blingxyanua/ros2_ws/install/go2_description/share/go2_description/meshes/base.dae
[0.259s] -- Symlinking: /home/blingxyanua/ros2_ws/install/go2_description/share/go2_description/meshes/calf.dae
[0.266s] -- Symlinking: /home/blingxyanua/ros2_ws/install/go2_description/share/go2_description/meshes/calf_mirror.dae
[0.273s] -- Symlinking: /home/blingxyanua/ros2_ws/install/go2_description/share/go2_description/meshes/foot.dae
[0.279s] -- Symlinking: /home/blingxyanua/ros2_ws/install/go2_description/share/go2_description/meshes/hip.dae
[0.287s] -- Symlinking: /home/blingxyanua/ros2_ws/install/go2_description/share/go2_description/meshes/thigh.dae
[0.294s] -- Symlinking: /home/blingxyanua/ros2_ws/install/go2_description/share/go2_description/meshes/thigh_mirror.dae
[0.302s] -- Symlinking: /home/blingxyanua/ros2_ws/install/go2_description/share/go2_description/urdf/Amended_collision_model.png
[0.309s] -- Symlinking: /home/blingxyanua/ros2_ws/install/go2_description/share/go2_description/urdf/Normal_collision_model.png
[0.316s] -- Symlinking: /home/blingxyanua/ros2_ws/install/go2_description/share/go2_description/urdf/go2_description.urdf
[0.323s] -- Symlinking: /home/blingxyanua/ros2_ws/install/go2_description/share/go2_description/xacro/const.xacro
[0.330s] -- Symlinking: /home/blingxyanua/ros2_ws/install/go2_description/share/go2_description/xacro/gazebo.xacro
[0.336s] -- Symlinking: /home/blingxyanua/ros2_ws/install/go2_description/share/go2_description/xacro/leg.xacro
[0.343s] -- Symlinking: /home/blingxyanua/ros2_ws/install/go2_description/share/go2_description/xacro/materials.xacro
[0.350s] -- Symlinking: /home/blingxyanua/ros2_ws/install/go2_description/share/go2_description/xacro/robot.xacro
[0.356s] -- Symlinking: /home/blingxyanua/ros2_ws/install/go2_description/share/go2_description/xacro/transmission.xacro
[0.363s] -- Symlinking: /home/blingxyanua/ros2_ws/install/go2_description/share/go2_description/worlds/empty.wbt
[0.370s] -- Symlinking: /home/blingxyanua/ros2_ws/install/go2_description/share/go2_description/dae/base.dae
[0.378s] -- Symlinking: /home/blingxyanua/ros2_ws/install/go2_description/share/go2_description/dae/calf.dae
[0.384s] -- Symlinking: /home/blingxyanua/ros2_ws/install/go2_description/share/go2_description/dae/calf_mirror.dae
[0.391s] -- Symlinking: /home/blingxyanua/ros2_ws/install/go2_description/share/go2_description/dae/foot.dae
[0.398s] -- Symlinking: /home/blingxyanua/ros2_ws/install/go2_description/share/go2_description/dae/hip.dae
[0.405s] -- Symlinking: /home/blingxyanua/ros2_ws/install/go2_description/share/go2_description/dae/thigh.dae
[0.412s] -- Symlinking: /home/blingxyanua/ros2_ws/install/go2_description/share/go2_description/dae/thigh_mirror.dae
[0.419s] -- Symlinking: /home/blingxyanua/ros2_ws/install/go2_description/share/ament_index/resource_index/package_run_dependencies/go2_description
[0.426s] -- Symlinking: /home/blingxyanua/ros2_ws/install/go2_description/share/ament_index/resource_index/parent_prefix_path/go2_description
[0.433s] -- Symlinking: /home/blingxyanua/ros2_ws/install/go2_description/share/go2_description/environment/ament_prefix_path.sh
[0.439s] -- Symlinking: /home/blingxyanua/ros2_ws/install/go2_description/share/go2_description/environment/ament_prefix_path.dsv
[0.446s] -- Symlinking: /home/blingxyanua/ros2_ws/install/go2_description/share/go2_description/environment/path.sh
[0.452s] -- Symlinking: /home/blingxyanua/ros2_ws/install/go2_description/share/go2_description/environment/path.dsv
[0.459s] -- Symlinking: /home/blingxyanua/ros2_ws/install/go2_description/share/go2_description/local_setup.bash
[0.465s] -- Symlinking: /home/blingxyanua/ros2_ws/install/go2_description/share/go2_description/local_setup.sh
[0.472s] -- Symlinking: /home/blingxyanua/ros2_ws/install/go2_description/share/go2_description/local_setup.zsh
[0.478s] -- Symlinking: /home/blingxyanua/ros2_ws/install/go2_description/share/go2_description/local_setup.dsv
[0.485s] -- Symlinking: /home/blingxyanua/ros2_ws/install/go2_description/share/go2_description/package.dsv
[0.492s] -- Symlinking: /home/blingxyanua/ros2_ws/install/go2_description/share/ament_index/resource_index/packages/go2_description
[0.499s] -- Symlinking: /home/blingxyanua/ros2_ws/install/go2_description/share/go2_description/cmake/go2_descriptionConfig.cmake
[0.507s] -- Symlinking: /home/blingxyanua/ros2_ws/install/go2_description/share/go2_description/cmake/go2_descriptionConfig-version.cmake
[0.513s] -- Symlinking: /home/blingxyanua/ros2_ws/install/go2_description/share/go2_description/package.xml
[0.522s] Invoked command in '/home/blingxyanua/ros2_ws/build/go2_description' returned '0': CMAKE_PREFIX_PATH=${CMAKE_PREFIX_PATH}:/opt/ros/humble /usr/bin/cmake --install /home/blingxyanua/ros2_ws/build/go2_description
