[0.687s] Invoking command in '/home/blingxyanua/ros2_ws/src/go2_control': PYTHONPATH=/home/blingxyanua/ros2_ws/build/go2_control/prefix_override:/usr/lib/python3/dist-packages/colcon_core/task/python/colcon_distutils_commands:/home/blingxyanua/ros2_ws/install/go2_control/lib/python3.10/site-packages:${PYTHONPATH} /usr/bin/python3 -W ignore:setup.py install is deprecated -W ignore:easy_install command is deprecated setup.py egg_info --egg-base ../../build/go2_control build --build-base /home/blingxyanua/ros2_ws/build/go2_control/build install --record /home/blingxyanua/ros2_ws/build/go2_control/install.log --single-version-externally-managed install_data
[0.867s] running egg_info
[0.868s] writing ../../build/go2_control/go2_control.egg-info/PKG-INFO
[0.869s] writing dependency_links to ../../build/go2_control/go2_control.egg-info/dependency_links.txt
[0.869s] writing entry points to ../../build/go2_control/go2_control.egg-info/entry_points.txt
[0.869s] writing requirements to ../../build/go2_control/go2_control.egg-info/requires.txt
[0.869s] writing top-level names to ../../build/go2_control/go2_control.egg-info/top_level.txt
[0.871s] reading manifest file '../../build/go2_control/go2_control.egg-info/SOURCES.txt'
[0.872s] writing manifest file '../../build/go2_control/go2_control.egg-info/SOURCES.txt'
[0.872s] running build
[0.872s] running build_py
[0.873s] copying go2_control/go2_kinematics.py -> /home/blingxyanua/ros2_ws/build/go2_control/build/lib/go2_control
[0.873s] copying go2_control/plot_results.py -> /home/blingxyanua/ros2_ws/build/go2_control/build/lib/go2_control
[0.873s] copying go2_control/smc_controller.py -> /home/blingxyanua/ros2_ws/build/go2_control/build/lib/go2_control
[0.873s] copying go2_control/data_logger.py -> /home/blingxyanua/ros2_ws/build/go2_control/build/lib/go2_control
[0.873s] copying go2_control/smc_plugin.py -> /home/blingxyanua/ros2_ws/build/go2_control/build/lib/go2_control
[0.874s] copying go2_control/gait_planner.py -> /home/blingxyanua/ros2_ws/build/go2_control/build/lib/go2_control
[0.874s] running install
[0.874s] running install_lib
[0.875s] copying /home/blingxyanua/ros2_ws/build/go2_control/build/lib/go2_control/go2_kinematics.py -> /home/blingxyanua/ros2_ws/install/go2_control/lib/python3.10/site-packages/go2_control
[0.875s] copying /home/blingxyanua/ros2_ws/build/go2_control/build/lib/go2_control/plot_results.py -> /home/blingxyanua/ros2_ws/install/go2_control/lib/python3.10/site-packages/go2_control
[0.875s] copying /home/blingxyanua/ros2_ws/build/go2_control/build/lib/go2_control/smc_controller.py -> /home/blingxyanua/ros2_ws/install/go2_control/lib/python3.10/site-packages/go2_control
[0.875s] copying /home/blingxyanua/ros2_ws/build/go2_control/build/lib/go2_control/data_logger.py -> /home/blingxyanua/ros2_ws/install/go2_control/lib/python3.10/site-packages/go2_control
[0.876s] copying /home/blingxyanua/ros2_ws/build/go2_control/build/lib/go2_control/smc_plugin.py -> /home/blingxyanua/ros2_ws/install/go2_control/lib/python3.10/site-packages/go2_control
[0.876s] copying /home/blingxyanua/ros2_ws/build/go2_control/build/lib/go2_control/gait_planner.py -> /home/blingxyanua/ros2_ws/install/go2_control/lib/python3.10/site-packages/go2_control
[0.876s] byte-compiling /home/blingxyanua/ros2_ws/install/go2_control/lib/python3.10/site-packages/go2_control/go2_kinematics.py to go2_kinematics.cpython-310.pyc
[0.877s] byte-compiling /home/blingxyanua/ros2_ws/install/go2_control/lib/python3.10/site-packages/go2_control/plot_results.py to plot_results.cpython-310.pyc
[0.878s] byte-compiling /home/blingxyanua/ros2_ws/install/go2_control/lib/python3.10/site-packages/go2_control/smc_controller.py to smc_controller.cpython-310.pyc
[0.879s] byte-compiling /home/blingxyanua/ros2_ws/install/go2_control/lib/python3.10/site-packages/go2_control/data_logger.py to data_logger.cpython-310.pyc
[0.880s] byte-compiling /home/blingxyanua/ros2_ws/install/go2_control/lib/python3.10/site-packages/go2_control/smc_plugin.py to smc_plugin.cpython-310.pyc
[0.882s] byte-compiling /home/blingxyanua/ros2_ws/install/go2_control/lib/python3.10/site-packages/go2_control/gait_planner.py to gait_planner.cpython-310.pyc
[0.882s] running install_data
[0.883s] running install_egg_info
[0.885s] removing '/home/blingxyanua/ros2_ws/install/go2_control/lib/python3.10/site-packages/go2_control-0.0.0-py3.10.egg-info' (and everything under it)
[0.885s] Copying ../../build/go2_control/go2_control.egg-info to /home/blingxyanua/ros2_ws/install/go2_control/lib/python3.10/site-packages/go2_control-0.0.0-py3.10.egg-info
[0.887s] running install_scripts
[0.904s] Installing plot_results script to /home/blingxyanua/ros2_ws/install/go2_control/lib/go2_control
[0.904s] writing list of installed files to '/home/blingxyanua/ros2_ws/build/go2_control/install.log'
[0.931s] Invoked command in '/home/blingxyanua/ros2_ws/src/go2_control' returned '0': PYTHONPATH=/home/blingxyanua/ros2_ws/build/go2_control/prefix_override:/usr/lib/python3/dist-packages/colcon_core/task/python/colcon_distutils_commands:/home/blingxyanua/ros2_ws/install/go2_control/lib/python3.10/site-packages:${PYTHONPATH} /usr/bin/python3 -W ignore:setup.py install is deprecated -W ignore:easy_install command is deprecated setup.py egg_info --egg-base ../../build/go2_control build --build-base /home/blingxyanua/ros2_ws/build/go2_control/build install --record /home/blingxyanua/ros2_ws/build/go2_control/install.log --single-version-externally-managed install_data
