[0.011s] Invoking command in '/home/blingxyanua/ros2_ws/build/go2_description': CMAKE_PREFIX_PATH=${CMAKE_PREFIX_PATH}:/opt/ros/humble /usr/bin/cmake --build /home/blingxyanua/ros2_ws/build/go2_description -- -j8 -l8
[0.040s] Invoked command in '/home/blingxyanua/ros2_ws/build/go2_description' returned '0': CMAKE_PREFIX_PATH=${CMAKE_PREFIX_PATH}:/opt/ros/humble /usr/bin/cmake --build /home/blingxyanua/ros2_ws/build/go2_description -- -j8 -l8
[0.046s] Invoking command in '/home/blingxyanua/ros2_ws/build/go2_description': CMAKE_PREFIX_PATH=${CMAKE_PREFIX_PATH}:/opt/ros/humble /usr/bin/cmake --install /home/blingxyanua/ros2_ws/build/go2_description
[0.051s] -- Install configuration: ""
[0.052s] -- Up-to-date: /home/blingxyanua/ros2_ws/install/go2_description/share/go2_description/config
[0.052s] -- Up-to-date: /home/blingxyanua/ros2_ws/install/go2_description/share/go2_description/config/joint_names_go2_description.yaml
[0.052s] -- Up-to-date: /home/blingxyanua/ros2_ws/install/go2_description/share/go2_description/config/robot_control.yaml
[0.052s] -- Up-to-date: /home/blingxyanua/ros2_ws/install/go2_description/share/go2_description/launch
[0.052s] -- Up-to-date: /home/blingxyanua/ros2_ws/install/go2_description/share/go2_description/launch/check_joint.rviz
[0.052s] -- Up-to-date: /home/blingxyanua/ros2_ws/install/go2_description/share/go2_description/launch/gazebo.launch
[0.052s] -- Up-to-date: /home/blingxyanua/ros2_ws/install/go2_description/share/go2_description/launch/go2_rviz.launch
[0.052s] -- Installing: /home/blingxyanua/ros2_ws/install/go2_description/share/go2_description/launch/webots.launch.py
[0.052s] -- Up-to-date: /home/blingxyanua/ros2_ws/install/go2_description/share/go2_description/meshes
[0.052s] -- Up-to-date: /home/blingxyanua/ros2_ws/install/go2_description/share/go2_description/meshes/calf_mirror.dae
[0.053s] -- Up-to-date: /home/blingxyanua/ros2_ws/install/go2_description/share/go2_description/meshes/base.dae
[0.053s] -- Up-to-date: /home/blingxyanua/ros2_ws/install/go2_description/share/go2_description/meshes/hip.dae
[0.053s] -- Up-to-date: /home/blingxyanua/ros2_ws/install/go2_description/share/go2_description/meshes/calf.dae
[0.053s] -- Up-to-date: /home/blingxyanua/ros2_ws/install/go2_description/share/go2_description/meshes/thigh.dae
[0.053s] -- Up-to-date: /home/blingxyanua/ros2_ws/install/go2_description/share/go2_description/meshes/thigh_mirror.dae
[0.053s] -- Up-to-date: /home/blingxyanua/ros2_ws/install/go2_description/share/go2_description/meshes/foot.dae
[0.053s] -- Up-to-date: /home/blingxyanua/ros2_ws/install/go2_description/share/go2_description/urdf
[0.053s] -- Up-to-date: /home/blingxyanua/ros2_ws/install/go2_description/share/go2_description/urdf/go2_description.urdf
[0.054s] -- Up-to-date: /home/blingxyanua/ros2_ws/install/go2_description/share/go2_description/urdf/Amended_collision_model.png
[0.054s] -- Up-to-date: /home/blingxyanua/ros2_ws/install/go2_description/share/go2_description/urdf/Normal_collision_model.png
[0.054s] -- Up-to-date: /home/blingxyanua/ros2_ws/install/go2_description/share/go2_description/xacro
[0.054s] -- Up-to-date: /home/blingxyanua/ros2_ws/install/go2_description/share/go2_description/xacro/transmission.xacro
[0.054s] -- Up-to-date: /home/blingxyanua/ros2_ws/install/go2_description/share/go2_description/xacro/gazebo.xacro
[0.054s] -- Up-to-date: /home/blingxyanua/ros2_ws/install/go2_description/share/go2_description/xacro/robot.xacro
[0.054s] -- Up-to-date: /home/blingxyanua/ros2_ws/install/go2_description/share/go2_description/xacro/materials.xacro
[0.054s] -- Up-to-date: /home/blingxyanua/ros2_ws/install/go2_description/share/go2_description/xacro/leg.xacro
[0.054s] -- Up-to-date: /home/blingxyanua/ros2_ws/install/go2_description/share/go2_description/xacro/const.xacro
[0.054s] -- Up-to-date: /home/blingxyanua/ros2_ws/install/go2_description/share/go2_description/worlds
[0.054s] -- Up-to-date: /home/blingxyanua/ros2_ws/install/go2_description/share/go2_description/worlds/empty.wbt
[0.054s] -- Up-to-date: /home/blingxyanua/ros2_ws/install/go2_description/share/go2_description/dae
[0.054s] -- Up-to-date: /home/blingxyanua/ros2_ws/install/go2_description/share/go2_description/dae/calf_mirror.dae
[0.054s] -- Up-to-date: /home/blingxyanua/ros2_ws/install/go2_description/share/go2_description/dae/base.dae
[0.054s] -- Up-to-date: /home/blingxyanua/ros2_ws/install/go2_description/share/go2_description/dae/hip.dae
[0.054s] -- Up-to-date: /home/blingxyanua/ros2_ws/install/go2_description/share/go2_description/dae/calf.dae
[0.054s] -- Up-to-date: /home/blingxyanua/ros2_ws/install/go2_description/share/go2_description/dae/thigh.dae
[0.054s] -- Up-to-date: /home/blingxyanua/ros2_ws/install/go2_description/share/go2_description/dae/thigh_mirror.dae
[0.054s] -- Up-to-date: /home/blingxyanua/ros2_ws/install/go2_description/share/go2_description/dae/foot.dae
[0.054s] -- Up-to-date: /home/blingxyanua/ros2_ws/install/go2_description/share/ament_index/resource_index/package_run_dependencies/go2_description
[0.055s] -- Up-to-date: /home/blingxyanua/ros2_ws/install/go2_description/share/ament_index/resource_index/parent_prefix_path/go2_description
[0.055s] -- Up-to-date: /home/blingxyanua/ros2_ws/install/go2_description/share/go2_description/environment/ament_prefix_path.sh
[0.055s] -- Up-to-date: /home/blingxyanua/ros2_ws/install/go2_description/share/go2_description/environment/ament_prefix_path.dsv
[0.055s] -- Up-to-date: /home/blingxyanua/ros2_ws/install/go2_description/share/go2_description/environment/path.sh
[0.055s] -- Up-to-date: /home/blingxyanua/ros2_ws/install/go2_description/share/go2_description/environment/path.dsv
[0.055s] -- Up-to-date: /home/blingxyanua/ros2_ws/install/go2_description/share/go2_description/local_setup.bash
[0.055s] -- Up-to-date: /home/blingxyanua/ros2_ws/install/go2_description/share/go2_description/local_setup.sh
[0.055s] -- Up-to-date: /home/blingxyanua/ros2_ws/install/go2_description/share/go2_description/local_setup.zsh
[0.056s] -- Up-to-date: /home/blingxyanua/ros2_ws/install/go2_description/share/go2_description/local_setup.dsv
[0.056s] -- Up-to-date: /home/blingxyanua/ros2_ws/install/go2_description/share/go2_description/package.dsv
[0.056s] -- Up-to-date: /home/blingxyanua/ros2_ws/install/go2_description/share/ament_index/resource_index/packages/go2_description
[0.057s] -- Up-to-date: /home/blingxyanua/ros2_ws/install/go2_description/share/go2_description/cmake/go2_descriptionConfig.cmake
[0.057s] -- Up-to-date: /home/blingxyanua/ros2_ws/install/go2_description/share/go2_description/cmake/go2_descriptionConfig-version.cmake
[0.057s] -- Up-to-date: /home/blingxyanua/ros2_ws/install/go2_description/share/go2_description/package.xml
[0.058s] Invoked command in '/home/blingxyanua/ros2_ws/build/go2_description' returned '0': CMAKE_PREFIX_PATH=${CMAKE_PREFIX_PATH}:/opt/ros/humble /usr/bin/cmake --install /home/blingxyanua/ros2_ws/build/go2_description
