[0.440s] Invoking command in '/home/blingxyanua/ros2_ws/src/go2_control': PYTHONPATH=/home/blingxyanua/ros2_ws/build/go2_control/prefix_override:/usr/lib/python3/dist-packages/colcon_core/task/python/colcon_distutils_commands:/home/blingxyanua/ros2_ws/install/go2_control/lib/python3.10/site-packages:${PYTHONPATH} /usr/bin/python3 -W ignore:setup.py install is deprecated -W ignore:easy_install command is deprecated setup.py egg_info --egg-base ../../build/go2_control build --build-base /home/blingxyanua/ros2_ws/build/go2_control/build install --record /home/blingxyanua/ros2_ws/build/go2_control/install.log --single-version-externally-managed install_data
[0.597s] running egg_info
[0.598s] writing ../../build/go2_control/go2_control.egg-info/PKG-INFO
[0.598s] writing dependency_links to ../../build/go2_control/go2_control.egg-info/dependency_links.txt
[0.598s] writing entry points to ../../build/go2_control/go2_control.egg-info/entry_points.txt
[0.598s] writing requirements to ../../build/go2_control/go2_control.egg-info/requires.txt
[0.598s] writing top-level names to ../../build/go2_control/go2_control.egg-info/top_level.txt
[0.600s] reading manifest file '../../build/go2_control/go2_control.egg-info/SOURCES.txt'
[0.601s] writing manifest file '../../build/go2_control/go2_control.egg-info/SOURCES.txt'
[0.601s] running build
[0.601s] running build_py
[0.601s] copying go2_control/smc_plugin.py -> /home/blingxyanua/ros2_ws/build/go2_control/build/lib/go2_control
[0.601s] running install
[0.602s] running install_lib
[0.603s] copying /home/blingxyanua/ros2_ws/build/go2_control/build/lib/go2_control/smc_plugin.py -> /home/blingxyanua/ros2_ws/install/go2_control/lib/python3.10/site-packages/go2_control
[0.603s] byte-compiling /home/blingxyanua/ros2_ws/install/go2_control/lib/python3.10/site-packages/go2_control/smc_plugin.py to smc_plugin.cpython-310.pyc
[0.604s] running install_data
[0.604s] running install_egg_info
[0.606s] removing '/home/blingxyanua/ros2_ws/install/go2_control/lib/python3.10/site-packages/go2_control-0.0.0-py3.10.egg-info' (and everything under it)
[0.606s] Copying ../../build/go2_control/go2_control.egg-info to /home/blingxyanua/ros2_ws/install/go2_control/lib/python3.10/site-packages/go2_control-0.0.0-py3.10.egg-info
[0.607s] running install_scripts
[0.622s] writing list of installed files to '/home/blingxyanua/ros2_ws/build/go2_control/install.log'
[0.641s] Invoked command in '/home/blingxyanua/ros2_ws/src/go2_control' returned '0': PYTHONPATH=/home/blingxyanua/ros2_ws/build/go2_control/prefix_override:/usr/lib/python3/dist-packages/colcon_core/task/python/colcon_distutils_commands:/home/blingxyanua/ros2_ws/install/go2_control/lib/python3.10/site-packages:${PYTHONPATH} /usr/bin/python3 -W ignore:setup.py install is deprecated -W ignore:easy_install command is deprecated setup.py egg_info --egg-base ../../build/go2_control build --build-base /home/blingxyanua/ros2_ws/build/go2_control/build install --record /home/blingxyanua/ros2_ws/build/go2_control/install.log --single-version-externally-managed install_data
