[0.793s] Invoking command in '/home/blingxyanua/ros2_ws/src/go2_control': PYTHONPATH=/home/blingxyanua/ros2_ws/build/go2_control/prefix_override:/usr/lib/python3/dist-packages/colcon_core/task/python/colcon_distutils_commands:/home/blingxyanua/ros2_ws/install/go2_control/lib/python3.10/site-packages:${PYTHONPATH} /usr/bin/python3 -W ignore:setup.py install is deprecated -W ignore:easy_install command is deprecated setup.py egg_info --egg-base ../../build/go2_control build --build-base /home/blingxyanua/ros2_ws/build/go2_control/build install --record /home/blingxyanua/ros2_ws/build/go2_control/install.log --single-version-externally-managed install_data
[1.002s] running egg_info
[1.004s] writing ../../build/go2_control/go2_control.egg-info/PKG-INFO
[1.004s] writing dependency_links to ../../build/go2_control/go2_control.egg-info/dependency_links.txt
[1.004s] writing entry points to ../../build/go2_control/go2_control.egg-info/entry_points.txt
[1.004s] writing requirements to ../../build/go2_control/go2_control.egg-info/requires.txt
[1.005s] writing top-level names to ../../build/go2_control/go2_control.egg-info/top_level.txt
[1.015s] reading manifest file '../../build/go2_control/go2_control.egg-info/SOURCES.txt'
[1.044s] writing manifest file '../../build/go2_control/go2_control.egg-info/SOURCES.txt'
[1.044s] running build
[1.044s] running build_py
[1.044s] copying go2_control/smc_plugin.py -> /home/blingxyanua/ros2_ws/build/go2_control/build/lib/go2_control
[1.082s] running install
[1.082s] running install_lib
[1.095s] copying /home/blingxyanua/ros2_ws/build/go2_control/build/lib/go2_control/smc_plugin.py -> /home/blingxyanua/ros2_ws/install/go2_control/lib/python3.10/site-packages/go2_control
[1.109s] byte-compiling /home/blingxyanua/ros2_ws/install/go2_control/lib/python3.10/site-packages/go2_control/smc_plugin.py to smc_plugin.cpython-310.pyc
[1.122s] running install_data
[1.122s] running install_egg_info
[1.124s] removing '/home/blingxyanua/ros2_ws/install/go2_control/lib/python3.10/site-packages/go2_control-0.0.0-py3.10.egg-info' (and everything under it)
[1.125s] Copying ../../build/go2_control/go2_control.egg-info to /home/blingxyanua/ros2_ws/install/go2_control/lib/python3.10/site-packages/go2_control-0.0.0-py3.10.egg-info
[1.135s] running install_scripts
[1.158s] writing list of installed files to '/home/blingxyanua/ros2_ws/build/go2_control/install.log'
[1.183s] Invoked command in '/home/blingxyanua/ros2_ws/src/go2_control' returned '0': PYTHONPATH=/home/blingxyanua/ros2_ws/build/go2_control/prefix_override:/usr/lib/python3/dist-packages/colcon_core/task/python/colcon_distutils_commands:/home/blingxyanua/ros2_ws/install/go2_control/lib/python3.10/site-packages:${PYTHONPATH} /usr/bin/python3 -W ignore:setup.py install is deprecated -W ignore:easy_install command is deprecated setup.py egg_info --egg-base ../../build/go2_control build --build-base /home/blingxyanua/ros2_ws/build/go2_control/build install --record /home/blingxyanua/ros2_ws/build/go2_control/install.log --single-version-externally-managed install_data
