[0.011s] Invoking command in '/home/blingxyanua/ros2_ws/build/go2_description': CMAKE_PREFIX_PATH=${CMAKE_PREFIX_PATH}:/opt/ros/humble /usr/bin/cmake /home/blingxyanua/ros2_ws/src/go2_description -DCMAKE_INSTALL_PREFIX=/home/blingxyanua/ros2_ws/install/go2_description
[0.329s] -- The C compiler identification is GNU 11.4.0
[1.146s] -- The CXX compiler identification is GNU 11.4.0
[1.725s] -- Detecting C compiler ABI info
[1.929s] -- Detecting C compiler ABI info - done
[1.934s] -- Check for working C compiler: /usr/bin/cc - skipped
[1.937s] -- Detecting C compile features
[1.939s] -- Detecting C compile features - done
[1.942s] -- Detecting CXX compiler ABI info
[2.152s] -- Detecting CXX compiler ABI info - done
[2.157s] -- Check for working CXX compiler: /usr/bin/c++ - skipped
[2.157s] -- Detecting CXX compile features
[2.157s] -- Detecting CXX compile features - done
[2.170s] -- Found ament_cmake: 1.3.14 (/opt/ros/humble/share/ament_cmake/cmake)
[2.283s] -- Found Python3: /usr/bin/python3 (found version "3.10.12") found components: Interpreter 
[2.438s] -- Configuring done
[2.441s] -- Generating done
[2.442s] -- Build files have been written to: /home/blingxyanua/ros2_ws/build/go2_description
[2.446s] Invoked command in '/home/blingxyanua/ros2_ws/build/go2_description' returned '0': CMAKE_PREFIX_PATH=${CMAKE_PREFIX_PATH}:/opt/ros/humble /usr/bin/cmake /home/blingxyanua/ros2_ws/src/go2_description -DCMAKE_INSTALL_PREFIX=/home/blingxyanua/ros2_ws/install/go2_description
[2.447s] Invoking command in '/home/blingxyanua/ros2_ws/build/go2_description': CMAKE_PREFIX_PATH=${CMAKE_PREFIX_PATH}:/opt/ros/humble /usr/bin/cmake --build /home/blingxyanua/ros2_ws/build/go2_description -- -j8 -l8
[2.474s] Invoked command in '/home/blingxyanua/ros2_ws/build/go2_description' returned '0': CMAKE_PREFIX_PATH=${CMAKE_PREFIX_PATH}:/opt/ros/humble /usr/bin/cmake --build /home/blingxyanua/ros2_ws/build/go2_description -- -j8 -l8
[2.482s] Invoking command in '/home/blingxyanua/ros2_ws/build/go2_description': CMAKE_PREFIX_PATH=${CMAKE_PREFIX_PATH}:/opt/ros/humble /usr/bin/cmake --install /home/blingxyanua/ros2_ws/build/go2_description
[2.487s] -- Install configuration: ""
[2.488s] -- Installing: /home/blingxyanua/ros2_ws/install/go2_description/share/go2_description/config
[2.488s] -- Installing: /home/blingxyanua/ros2_ws/install/go2_description/share/go2_description/config/joint_names_go2_description.yaml
[2.488s] -- Installing: /home/blingxyanua/ros2_ws/install/go2_description/share/go2_description/config/robot_control.yaml
[2.488s] -- Installing: /home/blingxyanua/ros2_ws/install/go2_description/share/go2_description/launch
[2.488s] -- Installing: /home/blingxyanua/ros2_ws/install/go2_description/share/go2_description/launch/check_joint.rviz
[2.489s] -- Installing: /home/blingxyanua/ros2_ws/install/go2_description/share/go2_description/launch/gazebo.launch
[2.489s] -- Installing: /home/blingxyanua/ros2_ws/install/go2_description/share/go2_description/launch/go2_rviz.launch
[2.489s] -- Installing: /home/blingxyanua/ros2_ws/install/go2_description/share/go2_description/launch/webots.launch.py
[2.489s] -- Installing: /home/blingxyanua/ros2_ws/install/go2_description/share/go2_description/meshes
[2.489s] -- Installing: /home/blingxyanua/ros2_ws/install/go2_description/share/go2_description/meshes/calf_mirror.dae
[2.490s] -- Installing: /home/blingxyanua/ros2_ws/install/go2_description/share/go2_description/meshes/base.dae
[2.496s] -- Installing: /home/blingxyanua/ros2_ws/install/go2_description/share/go2_description/meshes/hip.dae
[2.501s] -- Installing: /home/blingxyanua/ros2_ws/install/go2_description/share/go2_description/meshes/calf.dae
[2.502s] -- Installing: /home/blingxyanua/ros2_ws/install/go2_description/share/go2_description/meshes/thigh.dae
[2.506s] -- Installing: /home/blingxyanua/ros2_ws/install/go2_description/share/go2_description/meshes/thigh_mirror.dae
[2.510s] -- Installing: /home/blingxyanua/ros2_ws/install/go2_description/share/go2_description/meshes/foot.dae
[2.511s] -- Installing: /home/blingxyanua/ros2_ws/install/go2_description/share/go2_description/urdf
[2.511s] -- Installing: /home/blingxyanua/ros2_ws/install/go2_description/share/go2_description/urdf/go2_description.urdf
[2.511s] -- Installing: /home/blingxyanua/ros2_ws/install/go2_description/share/go2_description/urdf/Amended_collision_model.png
[2.512s] -- Installing: /home/blingxyanua/ros2_ws/install/go2_description/share/go2_description/urdf/Normal_collision_model.png
[2.512s] -- Installing: /home/blingxyanua/ros2_ws/install/go2_description/share/go2_description/xacro
[2.512s] -- Installing: /home/blingxyanua/ros2_ws/install/go2_description/share/go2_description/xacro/transmission.xacro
[2.512s] -- Installing: /home/blingxyanua/ros2_ws/install/go2_description/share/go2_description/xacro/gazebo.xacro
[2.513s] -- Installing: /home/blingxyanua/ros2_ws/install/go2_description/share/go2_description/xacro/robot.xacro
[2.513s] -- Installing: /home/blingxyanua/ros2_ws/install/go2_description/share/go2_description/xacro/materials.xacro
[2.513s] -- Installing: /home/blingxyanua/ros2_ws/install/go2_description/share/go2_description/xacro/leg.xacro
[2.513s] -- Installing: /home/blingxyanua/ros2_ws/install/go2_description/share/go2_description/xacro/const.xacro
[2.513s] -- Installing: /home/blingxyanua/ros2_ws/install/go2_description/share/go2_description/worlds
[2.513s] -- Installing: /home/blingxyanua/ros2_ws/install/go2_description/share/go2_description/worlds/empty.wbt
[2.513s] -- Installing: /home/blingxyanua/ros2_ws/install/go2_description/share/go2_description/dae
[2.513s] -- Installing: /home/blingxyanua/ros2_ws/install/go2_description/share/go2_description/dae/calf_mirror.dae
[2.515s] -- Installing: /home/blingxyanua/ros2_ws/install/go2_description/share/go2_description/dae/base.dae
[2.525s] -- Installing: /home/blingxyanua/ros2_ws/install/go2_description/share/go2_description/dae/hip.dae
[2.530s] -- Installing: /home/blingxyanua/ros2_ws/install/go2_description/share/go2_description/dae/calf.dae
[2.531s] -- Installing: /home/blingxyanua/ros2_ws/install/go2_description/share/go2_description/dae/thigh.dae
[2.535s] -- Installing: /home/blingxyanua/ros2_ws/install/go2_description/share/go2_description/dae/thigh_mirror.dae
[2.538s] -- Installing: /home/blingxyanua/ros2_ws/install/go2_description/share/go2_description/dae/foot.dae
[2.540s] -- Installing: /home/blingxyanua/ros2_ws/install/go2_description/share/ament_index/resource_index/package_run_dependencies/go2_description
[2.540s] -- Installing: /home/blingxyanua/ros2_ws/install/go2_description/share/ament_index/resource_index/parent_prefix_path/go2_description
[2.540s] -- Installing: /home/blingxyanua/ros2_ws/install/go2_description/share/go2_description/environment/ament_prefix_path.sh
[2.540s] -- Installing: /home/blingxyanua/ros2_ws/install/go2_description/share/go2_description/environment/ament_prefix_path.dsv
[2.541s] -- Installing: /home/blingxyanua/ros2_ws/install/go2_description/share/go2_description/environment/path.sh
[2.541s] -- Installing: /home/blingxyanua/ros2_ws/install/go2_description/share/go2_description/environment/path.dsv
[2.541s] -- Installing: /home/blingxyanua/ros2_ws/install/go2_description/share/go2_description/local_setup.bash
[2.541s] -- Installing: /home/blingxyanua/ros2_ws/install/go2_description/share/go2_description/local_setup.sh
[2.541s] -- Installing: /home/blingxyanua/ros2_ws/install/go2_description/share/go2_description/local_setup.zsh
[2.541s] -- Installing: /home/blingxyanua/ros2_ws/install/go2_description/share/go2_description/local_setup.dsv
[2.541s] -- Installing: /home/blingxyanua/ros2_ws/install/go2_description/share/go2_description/package.dsv
[2.541s] -- Installing: /home/blingxyanua/ros2_ws/install/go2_description/share/ament_index/resource_index/packages/go2_description
[2.542s] -- Installing: /home/blingxyanua/ros2_ws/install/go2_description/share/go2_description/cmake/go2_descriptionConfig.cmake
[2.542s] -- Installing: /home/blingxyanua/ros2_ws/install/go2_description/share/go2_description/cmake/go2_descriptionConfig-version.cmake
[2.542s] -- Installing: /home/blingxyanua/ros2_ws/install/go2_description/share/go2_description/package.xml
[2.544s] Invoked command in '/home/blingxyanua/ros2_ws/build/go2_description' returned '0': CMAKE_PREFIX_PATH=${CMAKE_PREFIX_PATH}:/opt/ros/humble /usr/bin/cmake --install /home/blingxyanua/ros2_ws/build/go2_description
