[0.644s] Invoking command in '/home/blingxyanua/ros2_ws/src/go2_control': PYTHONPATH=/home/blingxyanua/ros2_ws/build/go2_control/prefix_override:/usr/lib/python3/dist-packages/colcon_core/task/python/colcon_distutils_commands:/home/blingxyanua/ros2_ws/install/go2_control/lib/python3.10/site-packages:${PYTHONPATH} /usr/bin/python3 -W ignore:setup.py install is deprecated -W ignore:easy_install command is deprecated setup.py egg_info --egg-base ../../build/go2_control build --build-base /home/blingxyanua/ros2_ws/build/go2_control/build install --record /home/blingxyanua/ros2_ws/build/go2_control/install.log --single-version-externally-managed install_data
[0.804s] running egg_info
[0.804s] writing ../../build/go2_control/go2_control.egg-info/PKG-INFO
[0.805s] writing dependency_links to ../../build/go2_control/go2_control.egg-info/dependency_links.txt
[0.805s] writing entry points to ../../build/go2_control/go2_control.egg-info/entry_points.txt
[0.805s] writing requirements to ../../build/go2_control/go2_control.egg-info/requires.txt
[0.805s] writing top-level names to ../../build/go2_control/go2_control.egg-info/top_level.txt
[0.808s] reading manifest file '../../build/go2_control/go2_control.egg-info/SOURCES.txt'
[0.810s] writing manifest file '../../build/go2_control/go2_control.egg-info/SOURCES.txt'
[0.810s] running build
[0.810s] running build_py
[0.810s] copying go2_control/go2_kinematics.py -> /home/blingxyanua/ros2_ws/build/go2_control/build/lib/go2_control
[0.811s] copying go2_control/smc_controller.py -> /home/blingxyanua/ros2_ws/build/go2_control/build/lib/go2_control
[0.811s] copying go2_control/smc_plugin.py -> /home/blingxyanua/ros2_ws/build/go2_control/build/lib/go2_control
[0.812s] copying go2_control/gait_planner.py -> /home/blingxyanua/ros2_ws/build/go2_control/build/lib/go2_control
[0.812s] running install
[0.813s] running install_lib
[0.814s] copying /home/blingxyanua/ros2_ws/build/go2_control/build/lib/go2_control/go2_kinematics.py -> /home/blingxyanua/ros2_ws/install/go2_control/lib/python3.10/site-packages/go2_control
[0.815s] copying /home/blingxyanua/ros2_ws/build/go2_control/build/lib/go2_control/smc_controller.py -> /home/blingxyanua/ros2_ws/install/go2_control/lib/python3.10/site-packages/go2_control
[0.815s] copying /home/blingxyanua/ros2_ws/build/go2_control/build/lib/go2_control/smc_plugin.py -> /home/blingxyanua/ros2_ws/install/go2_control/lib/python3.10/site-packages/go2_control
[0.815s] copying /home/blingxyanua/ros2_ws/build/go2_control/build/lib/go2_control/gait_planner.py -> /home/blingxyanua/ros2_ws/install/go2_control/lib/python3.10/site-packages/go2_control
[0.816s] byte-compiling /home/blingxyanua/ros2_ws/install/go2_control/lib/python3.10/site-packages/go2_control/go2_kinematics.py to go2_kinematics.cpython-310.pyc
[0.817s] byte-compiling /home/blingxyanua/ros2_ws/install/go2_control/lib/python3.10/site-packages/go2_control/smc_controller.py to smc_controller.cpython-310.pyc
[0.818s] byte-compiling /home/blingxyanua/ros2_ws/install/go2_control/lib/python3.10/site-packages/go2_control/smc_plugin.py to smc_plugin.cpython-310.pyc
[0.820s] byte-compiling /home/blingxyanua/ros2_ws/install/go2_control/lib/python3.10/site-packages/go2_control/gait_planner.py to gait_planner.cpython-310.pyc
[0.821s] running install_data
[0.821s] running install_egg_info
[0.823s] removing '/home/blingxyanua/ros2_ws/install/go2_control/lib/python3.10/site-packages/go2_control-0.0.0-py3.10.egg-info' (and everything under it)
[0.823s] Copying ../../build/go2_control/go2_control.egg-info to /home/blingxyanua/ros2_ws/install/go2_control/lib/python3.10/site-packages/go2_control-0.0.0-py3.10.egg-info
[0.825s] running install_scripts
[0.838s] Installing plot_results script to /home/blingxyanua/ros2_ws/install/go2_control/lib/go2_control
[0.839s] writing list of installed files to '/home/blingxyanua/ros2_ws/build/go2_control/install.log'
[0.857s] Invoked command in '/home/blingxyanua/ros2_ws/src/go2_control' returned '0': PYTHONPATH=/home/blingxyanua/ros2_ws/build/go2_control/prefix_override:/usr/lib/python3/dist-packages/colcon_core/task/python/colcon_distutils_commands:/home/blingxyanua/ros2_ws/install/go2_control/lib/python3.10/site-packages:${PYTHONPATH} /usr/bin/python3 -W ignore:setup.py install is deprecated -W ignore:easy_install command is deprecated setup.py egg_info --egg-base ../../build/go2_control build --build-base /home/blingxyanua/ros2_ws/build/go2_control/build install --record /home/blingxyanua/ros2_ws/build/go2_control/install.log --single-version-externally-managed install_data
