[0.714s] Invoking command in '/home/blingxyanua/ros2_ws/src/go2_control': PYTHONPATH=/home/blingxyanua/ros2_ws/build/go2_control/prefix_override:/usr/lib/python3/dist-packages/colcon_core/task/python/colcon_distutils_commands:/home/blingxyanua/ros2_ws/install/go2_control/lib/python3.10/site-packages:${PYTHONPATH} /usr/bin/python3 -W ignore:setup.py install is deprecated -W ignore:easy_install command is deprecated setup.py egg_info --egg-base ../../build/go2_control build --build-base /home/blingxyanua/ros2_ws/build/go2_control/build install --record /home/blingxyanua/ros2_ws/build/go2_control/install.log --single-version-externally-managed install_data
[0.877s] running egg_info
[0.878s] writing ../../build/go2_control/go2_control.egg-info/PKG-INFO
[0.881s] writing dependency_links to ../../build/go2_control/go2_control.egg-info/dependency_links.txt
[0.881s] writing entry points to ../../build/go2_control/go2_control.egg-info/entry_points.txt
[0.881s] writing requirements to ../../build/go2_control/go2_control.egg-info/requires.txt
[0.881s] writing top-level names to ../../build/go2_control/go2_control.egg-info/top_level.txt
[0.883s] reading manifest file '../../build/go2_control/go2_control.egg-info/SOURCES.txt'
[0.884s] writing manifest file '../../build/go2_control/go2_control.egg-info/SOURCES.txt'
[0.884s] running build
[0.884s] running build_py
[0.884s] copying go2_control/smc_plugin.py -> /home/blingxyanua/ros2_ws/build/go2_control/build/lib/go2_control
[0.885s] running install
[0.885s] running install_lib
[0.886s] copying /home/blingxyanua/ros2_ws/build/go2_control/build/lib/go2_control/smc_plugin.py -> /home/blingxyanua/ros2_ws/install/go2_control/lib/python3.10/site-packages/go2_control
[0.887s] byte-compiling /home/blingxyanua/ros2_ws/install/go2_control/lib/python3.10/site-packages/go2_control/smc_plugin.py to smc_plugin.cpython-310.pyc
[0.889s] running install_data
[0.890s] running install_egg_info
[0.891s] removing '/home/blingxyanua/ros2_ws/install/go2_control/lib/python3.10/site-packages/go2_control-0.0.0-py3.10.egg-info' (and everything under it)
[0.892s] Copying ../../build/go2_control/go2_control.egg-info to /home/blingxyanua/ros2_ws/install/go2_control/lib/python3.10/site-packages/go2_control-0.0.0-py3.10.egg-info
[0.893s] running install_scripts
[0.912s] writing list of installed files to '/home/blingxyanua/ros2_ws/build/go2_control/install.log'
[0.931s] Invoked command in '/home/blingxyanua/ros2_ws/src/go2_control' returned '0': PYTHONPATH=/home/blingxyanua/ros2_ws/build/go2_control/prefix_override:/usr/lib/python3/dist-packages/colcon_core/task/python/colcon_distutils_commands:/home/blingxyanua/ros2_ws/install/go2_control/lib/python3.10/site-packages:${PYTHONPATH} /usr/bin/python3 -W ignore:setup.py install is deprecated -W ignore:easy_install command is deprecated setup.py egg_info --egg-base ../../build/go2_control build --build-base /home/blingxyanua/ros2_ws/build/go2_control/build install --record /home/blingxyanua/ros2_ws/build/go2_control/install.log --single-version-externally-managed install_data
