running egg_info
creating ../../build/go2_control/go2_control.egg-info
writing ../../build/go2_control/go2_control.egg-info/PKG-INFO
writing dependency_links to ../../build/go2_control/go2_control.egg-info/dependency_links.txt
writing entry points to ../../build/go2_control/go2_control.egg-info/entry_points.txt
writing requirements to ../../build/go2_control/go2_control.egg-info/requires.txt
writing top-level names to ../../build/go2_control/go2_control.egg-info/top_level.txt
writing manifest file '../../build/go2_control/go2_control.egg-info/SOURCES.txt'
reading manifest file '../../build/go2_control/go2_control.egg-info/SOURCES.txt'
writing manifest file '../../build/go2_control/go2_control.egg-info/SOURCES.txt'
running build
running build_py
creating /home/blingxyanua/ros2_ws/build/go2_control/build
creating /home/blingxyanua/ros2_ws/build/go2_control/build/lib
creating /home/blingxyanua/ros2_ws/build/go2_control/build/lib/go2_control
copying go2_control/__init__.py -> /home/blingxyanua/ros2_ws/build/go2_control/build/lib/go2_control
copying go2_control/smc_plugin.py -> /home/blingxyanua/ros2_ws/build/go2_control/build/lib/go2_control
running install
running install_lib
creating /home/blingxyanua/ros2_ws/install/go2_control/lib/python3.10/site-packages/go2_control
copying /home/blingxyanua/ros2_ws/build/go2_control/build/lib/go2_control/__init__.py -> /home/blingxyanua/ros2_ws/install/go2_control/lib/python3.10/site-packages/go2_control
copying /home/blingxyanua/ros2_ws/build/go2_control/build/lib/go2_control/smc_plugin.py -> /home/blingxyanua/ros2_ws/install/go2_control/lib/python3.10/site-packages/go2_control
byte-compiling /home/blingxyanua/ros2_ws/install/go2_control/lib/python3.10/site-packages/go2_control/__init__.py to __init__.cpython-310.pyc
byte-compiling /home/blingxyanua/ros2_ws/install/go2_control/lib/python3.10/site-packages/go2_control/smc_plugin.py to smc_plugin.cpython-310.pyc
running install_data
creating /home/blingxyanua/ros2_ws/install/go2_control/share/ament_index
creating /home/blingxyanua/ros2_ws/install/go2_control/share/ament_index/resource_index
creating /home/blingxyanua/ros2_ws/install/go2_control/share/ament_index/resource_index/packages
copying resource/go2_control -> /home/blingxyanua/ros2_ws/install/go2_control/share/ament_index/resource_index/packages
copying package.xml -> /home/blingxyanua/ros2_ws/install/go2_control/share/go2_control
creating /home/blingxyanua/ros2_ws/install/go2_control/share/go2_control/launch
copying launch/control.launch.py -> /home/blingxyanua/ros2_ws/install/go2_control/share/go2_control/launch
running install_egg_info
Copying ../../build/go2_control/go2_control.egg-info to /home/blingxyanua/ros2_ws/install/go2_control/lib/python3.10/site-packages/go2_control-0.0.0-py3.10.egg-info
running install_scripts
writing list of installed files to '/home/blingxyanua/ros2_ws/build/go2_control/install.log'
